Performing C SOURCE FILE Test CMAKE_HAVE_LIBC_PTHREAD failed with the following output:
Change Dir: /home/student/cs381/as0/build/CMakeFiles/CMakeTmp

Run Build Command(s):/usr/bin/gmake cmTC_71723/fast && /usr/bin/gmake  -f CMakeFiles/cmTC_71723.dir/build.make CMakeFiles/cmTC_71723.dir/build
gmake[1]: Entering directory '/home/student/cs381/as0/build/CMakeFiles/CMakeTmp'
Building C object CMakeFiles/cmTC_71723.dir/src.c.o
/usr/bin/cc   -fno-strict-aliasing -Werror=implicit-function-declaration -Werror=pointer-arith  -DCMAKE_HAVE_LIBC_PTHREAD -o CMakeFiles/cmTC_71723.dir/src.c.o -c /home/student/cs381/as0/build/CMakeFiles/CMakeTmp/src.c
Linking C executable cmTC_71723
/usr/bin/cmake -E cmake_link_script CMakeFiles/cmTC_71723.dir/link.txt --verbose=1
/usr/bin/cc -fno-strict-aliasing -Werror=implicit-function-declaration -Werror=pointer-arith  -DCMAKE_HAVE_LIBC_PTHREAD -rdynamic CMakeFiles/cmTC_71723.dir/src.c.o -o cmTC_71723 
/usr/bin/ld: CMakeFiles/cmTC_71723.dir/src.c.o: in function `main':
src.c:(.text+0x2f): undefined reference to `pthread_create'
/usr/bin/ld: src.c:(.text+0x3b): undefined reference to `pthread_detach'
/usr/bin/ld: src.c:(.text+0x47): undefined reference to `pthread_cancel'
/usr/bin/ld: src.c:(.text+0x58): undefined reference to `pthread_join'
collect2: error: ld returned 1 exit status
gmake[1]: *** [CMakeFiles/cmTC_71723.dir/build.make:106: cmTC_71723] Error 1
gmake[1]: Leaving directory '/home/student/cs381/as0/build/CMakeFiles/CMakeTmp'
gmake: *** [Makefile:140: cmTC_71723/fast] Error 2


Source file was:
#include <pthread.h>

void* test_func(void* data)
{
  return data;
}

int main(void)
{
  pthread_t thread;
  pthread_create(&thread, NULL, test_func, NULL);
  pthread_detach(thread);
  pthread_cancel(thread);
  pthread_join(thread, NULL);
  pthread_atfork(NULL, NULL, NULL);
  pthread_exit(NULL);

  return 0;
}

Determining if the function pthread_create exists in the pthreads failed with the following output:
Change Dir: /home/student/cs381/as0/build/CMakeFiles/CMakeTmp

Run Build Command(s):/usr/bin/gmake cmTC_183ce/fast && /usr/bin/gmake  -f CMakeFiles/cmTC_183ce.dir/build.make CMakeFiles/cmTC_183ce.dir/build
gmake[1]: Entering directory '/home/student/cs381/as0/build/CMakeFiles/CMakeTmp'
Building C object CMakeFiles/cmTC_183ce.dir/CheckFunctionExists.c.o
/usr/bin/cc   -fno-strict-aliasing -Werror=implicit-function-declaration -Werror=pointer-arith  -DCHECK_FUNCTION_EXISTS=pthread_create -std=gnu99 -o CMakeFiles/cmTC_183ce.dir/CheckFunctionExists.c.o -c /usr/share/cmake-3.18/Modules/CheckFunctionExists.c
Linking C executable cmTC_183ce
/usr/bin/cmake -E cmake_link_script CMakeFiles/cmTC_183ce.dir/link.txt --verbose=1
/usr/bin/cc -fno-strict-aliasing -Werror=implicit-function-declaration -Werror=pointer-arith  -DCHECK_FUNCTION_EXISTS=pthread_create CMakeFiles/cmTC_183ce.dir/CheckFunctionExists.c.o -o cmTC_183ce  -lpthreads 
/usr/bin/ld: cannot find -lpthreads
collect2: error: ld returned 1 exit status
gmake[1]: *** [CMakeFiles/cmTC_183ce.dir/build.make:106: cmTC_183ce] Error 1
gmake[1]: Leaving directory '/home/student/cs381/as0/build/CMakeFiles/CMakeTmp'
gmake: *** [Makefile:140: cmTC_183ce/fast] Error 2



